Using pre-set license
Built from '2021.3/staging' branch; Version is '2021.3.7f1 (24e8595d6d43) revision 2418777'; Using compiler version '192829333'; Build Type 'Release'
OS: 'Windows 11  (10.0.22000) 64bit Core' Language: 'ja' Physical Memory: 16237 MB
BatchMode: 1, IsHumanControllingUs: 0, StartBugReporterOnCrash: 0, Is64bit: 1, IsPro: 1

COMMAND LINE ARGUMENTS:
C:\Program Files\2021.3.7f1\Editor\Unity.exe
-adb2
-batchMode
-noUpm
-name
AssetImportWorker0
-projectPath
D:/unity_projects/seg_test
-logFile
Logs/AssetImportWorker0.log
-srvPort
57561
Successfully changed project path to: D:/unity_projects/seg_test
D:/unity_projects/seg_test
[UnityMemory] Configuration Parameters - Can be set up in boot.config
    "memorysetup-bucket-allocator-granularity=16"
    "memorysetup-bucket-allocator-bucket-count=8"
    "memorysetup-bucket-allocator-block-size=33554432"
    "memorysetup-bucket-allocator-block-count=8"
    "memorysetup-main-allocator-block-size=16777216"
    "memorysetup-thread-allocator-block-size=16777216"
    "memorysetup-gfx-main-allocator-block-size=16777216"
    "memorysetup-gfx-thread-allocator-block-size=16777216"
    "memorysetup-cache-allocator-block-size=4194304"
    "memorysetup-typetree-allocator-block-size=2097152"
    "memorysetup-profiler-bucket-allocator-granularity=16"
    "memorysetup-profiler-bucket-allocator-bucket-count=8"
    "memorysetup-profiler-bucket-allocator-block-size=33554432"
    "memorysetup-profiler-bucket-allocator-block-count=8"
    "memorysetup-profiler-allocator-block-size=16777216"
    "memorysetup-profiler-editor-allocator-block-size=1048576"
    "memorysetup-temp-allocator-size-main=16777216"
    "memorysetup-job-temp-allocator-block-size=2097152"
    "memorysetup-job-temp-allocator-block-size-background=1048576"
    "memorysetup-job-temp-allocator-reduction-small-platforms=262144"
    "memorysetup-temp-allocator-size-background-worker=32768"
    "memorysetup-temp-allocator-size-job-worker=262144"
    "memorysetup-temp-allocator-size-preload-manager=33554432"
    "memorysetup-temp-allocator-size-nav-mesh-worker=65536"
    "memorysetup-temp-allocator-size-audio-worker=65536"
    "memorysetup-temp-allocator-size-cloud-worker=32768"
    "memorysetup-temp-allocator-size-gi-baking-worker=262144"
    "memorysetup-temp-allocator-size-gfx=262144"
Refreshing native plugins compatible for Editor in 113.16 ms, found 3 plugins.
Preloading 0 native plugins for Editor in 0.00 ms.
Initialize engine version: 2021.3.7f1 (24e8595d6d43)
[Subsystems] Discovering subsystems at path C:/Program Files/2021.3.7f1/Editor/Data/Resources/UnitySubsystems
[Subsystems] Discovering subsystems at path D:/unity_projects/seg_test/Assets
GfxDevice: creating device client; threaded=0; jobified=0
Direct3D:
    Version:  Direct3D 11.0 [level 11.1]
    Renderer: NVIDIA GeForce GTX 1060 (ID=0x1c20)
    Vendor:   NVIDIA
    VRAM:     6052 MB
    Driver:   30.0.15.1179
Initialize mono
Mono path[0] = 'C:/Program Files/2021.3.7f1/Editor/Data/Managed'
Mono path[1] = 'C:/Program Files/2021.3.7f1/Editor/Data/MonoBleedingEdge/lib/mono/unityjit-win32'
Mono config path = 'C:/Program Files/2021.3.7f1/Editor/Data/MonoBleedingEdge/etc'
Using monoOptions --debugger-agent=transport=dt_socket,embedding=1,server=y,suspend=n,address=127.0.0.1:56088
Begin MonoManager ReloadAssembly
Registering precompiled unity dll's ...
Register platform support module: C:/Program Files/2021.3.7f1/Editor/Data/PlaybackEngines/WindowsStandaloneSupport/UnityEditor.WindowsStandalone.Extensions.dll
Registered in 0.004670 seconds.
Native extension for WindowsStandalone target not found
Refreshing native plugins compatible for Editor in 91.71 ms, found 3 plugins.
Preloading 0 native plugins for Editor in 0.00 ms.
Mono: successfully reloaded assembly
- Completed reload, in  0.762 seconds
Domain Reload Profiling:
	ReloadAssembly (762ms)
		BeginReloadAssembly (85ms)
			ExecutionOrderSort (0ms)
			DisableScriptedObjects (0ms)
			BackupInstance (0ms)
			ReleaseScriptingObjects (0ms)
			CreateAndSetChildDomain (1ms)
		EndReloadAssembly (547ms)
			LoadAssemblies (82ms)
			RebuildTransferFunctionScriptingTraits (0ms)
			SetupTypeCache (127ms)
			ReleaseScriptCaches (0ms)
			RebuildScriptCaches (38ms)
			SetupLoadedEditorAssemblies (321ms)
				LogAssemblyErrors (0ms)
				InitializePlatformSupportModulesInManaged (8ms)
				SetLoadedEditorAssemblies (0ms)
				RefreshPlugins (92ms)
				BeforeProcessingInitializeOnLoad (1ms)
				ProcessInitializeOnLoadAttributes (162ms)
				ProcessInitializeOnLoadMethodAttributes (57ms)
				AfterProcessingInitializeOnLoad (0ms)
				EditorAssembliesLoaded (0ms)
			ExecutionOrderSort2 (0ms)
			AwakeInstancesAfterBackupRestoration (0ms)
Platform modules already initialized, skipping
Registering precompiled user dll's ...
Registered in 0.011475 seconds.
Begin MonoManager ReloadAssembly
Symbol file LoadedFromMemory doesn't match image D:\unity_projects\seg_test\Library\PackageCache\com.unity.visualscripting@1.7.8\Editor\VisualScripting.Core\Dependencies\YamlDotNet\Unity.VisualScripting.YamlDotNet.dll
Symbol file LoadedFromMemory doesn't match image D:\unity_projects\seg_test\Library\PackageCache\com.unity.visualscripting@1.7.8\Editor\VisualScripting.Core\Dependencies\DotNetZip\Unity.VisualScripting.IonicZip.dll
Native extension for WindowsStandalone target not found
Refreshing native plugins compatible for Editor in 0.69 ms, found 3 plugins.
Preloading 0 native plugins for Editor in 0.00 ms.
Mono: successfully reloaded assembly
- Completed reload, in  0.858 seconds
Domain Reload Profiling:
	ReloadAssembly (859ms)
		BeginReloadAssembly (131ms)
			ExecutionOrderSort (0ms)
			DisableScriptedObjects (7ms)
			BackupInstance (0ms)
			ReleaseScriptingObjects (0ms)
			CreateAndSetChildDomain (26ms)
		EndReloadAssembly (584ms)
			LoadAssemblies (76ms)
			RebuildTransferFunctionScriptingTraits (0ms)
			SetupTypeCache (165ms)
			ReleaseScriptCaches (1ms)
			RebuildScriptCaches (31ms)
			SetupLoadedEditorAssemblies (255ms)
				LogAssemblyErrors (0ms)
				InitializePlatformSupportModulesInManaged (5ms)
				SetLoadedEditorAssemblies (0ms)
				RefreshPlugins (1ms)
				BeforeProcessingInitializeOnLoad (122ms)
				ProcessInitializeOnLoadAttributes (94ms)
				ProcessInitializeOnLoadMethodAttributes (24ms)
				AfterProcessingInitializeOnLoad (8ms)
				EditorAssembliesLoaded (0ms)
			ExecutionOrderSort2 (0ms)
			AwakeInstancesAfterBackupRestoration (9ms)
Platform modules already initialized, skipping
========================================================================
Worker process is ready to serve import requests
Launched and connected shader compiler UnityShaderCompiler.exe after 0.06 seconds
Refreshing native plugins compatible for Editor in 0.68 ms, found 3 plugins.
Preloading 0 native plugins for Editor in 0.00 ms.
Unloading 3482 Unused Serialized files (Serialized files now loaded: 0)
Unloading 36 unused Assets / (86.1 KB). Loaded Objects now: 3919.
Memory consumption went from 116.8 MB to 116.8 MB.
Total: 3.186500 ms (FindLiveObjects: 0.319500 ms CreateObjectMapping: 0.238900 ms MarkObjects: 2.531800 ms  DeleteObjects: 0.095400 ms)

AssetImportParameters requested are different than current active one (requested -> active):
  custom:video-decoder-ogg-theora: a1e56fd34408186e4bbccfd4996cb3dc -> 
  custom:container-muxer-webm: aa71ff27fc2769a1b78a27578f13a17b -> 
  custom:container-demuxer-webm: 4f35f7cbe854078d1ac9338744f61a02 -> 
  custom:video-encoder-webm-vp8: eb34c28f22e8b96e1ab97ce403110664 -> 
  custom:video-codec-MediaFoundation-h265: e54d7ab0439102e2317fc1e4b246158d -> 
  custom:audio-encoder-webm-vorbis: bf7c407c2cedff20999df2af8eb42d56 -> 
  custom:framework-win-MediaFoundation: 216162199b28c13a410421893ffa2e32 -> 
  custom:container-demuxer-ogg: 62fdf1f143b41e24485cea50d1cbac27 -> 
  custom:video-decoder-webm-vp8: 9c59270c3fd7afecdb556c50c9e8de78 -> 
  custom:audio-decoder-ogg-vorbis: bf7c407c2cedff20999df2af8eb42d56 -> 
========================================================================
Received Import Request.
  Time since last request: 51561.061872 seconds.
  path: Assets/Readme.asset
  artifactKey: Guid(7f2c382dc2c22446db59030979f6e495) Importer(815301076,1909f56bfc062723c751e8b465ee728b)
Start importing Assets/Readme.asset using Guid(7f2c382dc2c22446db59030979f6e495) Importer(815301076,1909f56bfc062723c751e8b465ee728b)  -> (artifact id: '9990f39c3de691f85cda2915bc54e9c4') in 0.043705 seconds 
========================================================================
Received Import Request.
  Time since last request: 83.932409 seconds.
  path: Assets/ARDK
  artifactKey: Guid(d1d8b692fcb9a4b3aaa54c59d88d8e86) Importer(815301076,1909f56bfc062723c751e8b465ee728b)
Start importing Assets/ARDK using Guid(d1d8b692fcb9a4b3aaa54c59d88d8e86) Importer(815301076,1909f56bfc062723c751e8b465ee728b)  -> (artifact id: '7763828dcb6323741cb2874b2b916847') in 0.002196 seconds 
========================================================================
Received Import Request.
  Time since last request: 0.036757 seconds.
  path: Assets/ARDK/ARDK.asmdef
  artifactKey: Guid(f3cc28278c88a4b43ae1ec99ea44ed56) Importer(815301076,1909f56bfc062723c751e8b465ee728b)
Start importing Assets/ARDK/ARDK.asmdef using Guid(f3cc28278c88a4b43ae1ec99ea44ed56) Importer(815301076,1909f56bfc062723c751e8b465ee728b)  -> (artifact id: '2a00ec85b7ece5b96b904af41bdfb258') in 0.004901 seconds 
========================================================================
Received Import Request.
  Time since last request: 18.742759 seconds.
  path: Assets
  artifactKey: Guid(00000000000000001000000000000000) Importer(815301076,1909f56bfc062723c751e8b465ee728b)
Start importing Assets using Guid(00000000000000001000000000000000) Importer(815301076,1909f56bfc062723c751e8b465ee728b)  -> (artifact id: '79842766b460edbeab6a34051e857a80') in 0.002738 seconds 
========================================================================
Received Import Request.
  Time since last request: 11.906915 seconds.
  path: Assets/Scenes
  artifactKey: Guid(30340b97d11d06a45ab35a95bc963c9a) Importer(815301076,1909f56bfc062723c751e8b465ee728b)
Start importing Assets/Scenes using Guid(30340b97d11d06a45ab35a95bc963c9a) Importer(815301076,1909f56bfc062723c751e8b465ee728b)  -> (artifact id: '2cebdab469fdb3923507f91ab35d2166') in 0.002347 seconds 
========================================================================
Received Import Request.
  Time since last request: 2.621503 seconds.
  path: Assets/Editor
  artifactKey: Guid(9a2df797eb7ea8e44843144af9429b99) Importer(815301076,1909f56bfc062723c751e8b465ee728b)
Start importing Assets/Editor using Guid(9a2df797eb7ea8e44843144af9429b99) Importer(815301076,1909f56bfc062723c751e8b465ee728b)  -> (artifact id: '42ef7938f5a0303a7559a20308b19fb7') in 0.002354 seconds 
========================================================================
Received Import Request.
  Time since last request: 3.023834 seconds.
  path: Assets/ARDK/Configuration
  artifactKey: Guid(1d0eaf04276e84930a703896fd9039a4) Importer(815301076,1909f56bfc062723c751e8b465ee728b)
Start importing Assets/ARDK/Configuration using Guid(1d0eaf04276e84930a703896fd9039a4) Importer(815301076,1909f56bfc062723c751e8b465ee728b)  -> (artifact id: 'f8674df9acfbd70e5a4a4474e346075a') in 0.002419 seconds 
========================================================================
Received Import Request.
  Time since last request: 1.799857 seconds.
  path: Assets/ARDK/Configuration/Authentication
  artifactKey: Guid(412c4218cc4849caa21d72efdf0ea3b9) Importer(815301076,1909f56bfc062723c751e8b465ee728b)
Start importing Assets/ARDK/Configuration/Authentication using Guid(412c4218cc4849caa21d72efdf0ea3b9) Importer(815301076,1909f56bfc062723c751e8b465ee728b)  -> (artifact id: '6f796c79b1984d8576e3f1d5b641c52d') in 0.002290 seconds 
========================================================================
Received Import Request.
  Time since last request: 0.859594 seconds.
  path: Assets/ARDK/Configuration/Authentication/ArdkAuthConfig.cs
  artifactKey: Guid(3e818d7086440451e889be0511048aa6) Importer(815301076,1909f56bfc062723c751e8b465ee728b)
Start importing Assets/ARDK/Configuration/Authentication/ArdkAuthConfig.cs using Guid(3e818d7086440451e889be0511048aa6) Importer(815301076,1909f56bfc062723c751e8b465ee728b)  -> (artifact id: 'd8bcc6c6e49748e8efe2ecbb725d66c5') in 0.014107 seconds 
========================================================================
Received Import Request.
  Time since last request: 14.533484 seconds.
  path: Assets/ARDK/AR
  artifactKey: Guid(a967acdd28c574d94bebaec67758ed9d) Importer(815301076,1909f56bfc062723c751e8b465ee728b)
Start importing Assets/ARDK/AR using Guid(a967acdd28c574d94bebaec67758ed9d) Importer(815301076,1909f56bfc062723c751e8b465ee728b)  -> (artifact id: '1fcff507ea991a2b25847488c6ca965a') in 0.002632 seconds 
========================================================================
Received Import Request.
  Time since last request: 51.219068 seconds.
  path: Assets/ARDKExamples
  artifactKey: Guid(6a29ee20f0b82411dafc5196ebab1a64) Importer(815301076,1909f56bfc062723c751e8b465ee728b)
Start importing Assets/ARDKExamples using Guid(6a29ee20f0b82411dafc5196ebab1a64) Importer(815301076,1909f56bfc062723c751e8b465ee728b)  -> (artifact id: 'b9ba7f7d6f62807529cf574156bdc0d1') in 0.002546 seconds 
========================================================================
Received Import Request.
  Time since last request: 0.021041 seconds.
  path: Assets/ARDKExamples/ARDK-Examples.asmdef
  artifactKey: Guid(79582743010684bb59de6cfe6965f7ca) Importer(815301076,1909f56bfc062723c751e8b465ee728b)
Start importing Assets/ARDKExamples/ARDK-Examples.asmdef using Guid(79582743010684bb59de6cfe6965f7ca) Importer(815301076,1909f56bfc062723c751e8b465ee728b)  -> (artifact id: '06635404653a1b266e45e23e83dc4c1b') in 0.002056 seconds 
========================================================================
Received Import Request.
  Time since last request: 265.289795 seconds.
  path: Assets/ARDKExamples/Resources
  artifactKey: Guid(35ac9688c195b864fac6f00afa0c381d) Importer(815301076,1909f56bfc062723c751e8b465ee728b)
Start importing Assets/ARDKExamples/Resources using Guid(35ac9688c195b864fac6f00afa0c381d) Importer(815301076,1909f56bfc062723c751e8b465ee728b)  -> (artifact id: 'ac5c7092743cb75f286f267b3e3fe0eb') in 0.003006 seconds 
========================================================================
Received Import Request.
  Time since last request: 14.362511 seconds.
  path: Assets/ARDKExamples/Resources/AEDk
  artifactKey: Guid(ea22a9ebb6cdfb64091b02e184b72321) Importer(815301076,1909f56bfc062723c751e8b465ee728b)
Start importing Assets/ARDKExamples/Resources/AEDk using Guid(ea22a9ebb6cdfb64091b02e184b72321) Importer(815301076,1909f56bfc062723c751e8b465ee728b)  -> (artifact id: '5e9bb5b4f27a6e133bf0006cc4aac9d5') in 0.002728 seconds 
========================================================================
Received Import Request.
  Time since last request: 20.657071 seconds.
  path: Assets/ARDKExamples/Resources/New Lighting Settings.lighting
  artifactKey: Guid(ca4b8536da32a3f438117b22c66b5397) Importer(815301076,1909f56bfc062723c751e8b465ee728b)
Start importing Assets/ARDKExamples/Resources/New Lighting Settings.lighting using Guid(ca4b8536da32a3f438117b22c66b5397) Importer(815301076,1909f56bfc062723c751e8b465ee728b)  -> (artifact id: '1d7e8c7bd4812061dfbe73c79cbb6d1d') in 0.026002 seconds 
========================================================================
Received Import Request.
  Time since last request: 30.220949 seconds.
  path: Assets/ARDKExamples/Resources/ARDK
  artifactKey: Guid(56e840cafe29af545b61d81bcdc9a171) Importer(815301076,1909f56bfc062723c751e8b465ee728b)
Start importing Assets/ARDKExamples/Resources/ARDK using Guid(56e840cafe29af545b61d81bcdc9a171) Importer(815301076,1909f56bfc062723c751e8b465ee728b)  -> (artifact id: '0568e42f3cbc61afd156a37982f3bdf3') in 0.002659 seconds 
========================================================================
Received Import Request.
  Time since last request: 45.805002 seconds.
  path: Assets/ARDK/Recording
  artifactKey: Guid(e3d675c46dcdc4cec89e383a2fbf67e3) Importer(815301076,1909f56bfc062723c751e8b465ee728b)
Start importing Assets/ARDK/Recording using Guid(e3d675c46dcdc4cec89e383a2fbf67e3) Importer(815301076,1909f56bfc062723c751e8b465ee728b)  -> (artifact id: '6137749bcf26c3e1931e2686c1303e58') in 0.003106 seconds 
========================================================================
Received Import Request.
  Time since last request: 0.508736 seconds.
  path: Assets/ARDK/Rendering
  artifactKey: Guid(fbe6fb6b9f6d942fc81d424a73658209) Importer(815301076,1909f56bfc062723c751e8b465ee728b)
Start importing Assets/ARDK/Rendering using Guid(fbe6fb6b9f6d942fc81d424a73658209) Importer(815301076,1909f56bfc062723c751e8b465ee728b)  -> (artifact id: '2d1312b9a13ee96c315897f0cac5e991') in 0.002129 seconds 
========================================================================
Received Import Request.
  Time since last request: 22.252763 seconds.
  path: Assets/ARDK/Utilities
  artifactKey: Guid(8cd6396b55bf54e0d800b6b42cc68fce) Importer(815301076,1909f56bfc062723c751e8b465ee728b)
Start importing Assets/ARDK/Utilities using Guid(8cd6396b55bf54e0d800b6b42cc68fce) Importer(815301076,1909f56bfc062723c751e8b465ee728b)  -> (artifact id: '1073ddfb3c4fb365879fc29860ab176a') in 0.002879 seconds 
========================================================================
Received Import Request.
  Time since last request: 1.507163 seconds.
  path: Assets/ARDK/Properties
  artifactKey: Guid(1382cd7d85234437a8e4f4ad0ea4c424) Importer(815301076,1909f56bfc062723c751e8b465ee728b)
Start importing Assets/ARDK/Properties using Guid(1382cd7d85234437a8e4f4ad0ea4c424) Importer(815301076,1909f56bfc062723c751e8b465ee728b)  -> (artifact id: '271c70780701c1c5b826ad5133c8215e') in 0.002392 seconds 
========================================================================
Received Import Request.
  Time since last request: 0.438965 seconds.
  path: Assets/ARDK/Plugins
  artifactKey: Guid(e4075fe7c71c2449bb274fb85a2cda11) Importer(815301076,1909f56bfc062723c751e8b465ee728b)
Start importing Assets/ARDK/Plugins using Guid(e4075fe7c71c2449bb274fb85a2cda11) Importer(815301076,1909f56bfc062723c751e8b465ee728b)  -> (artifact id: '1c5825f05e051897ea8e938078267a39') in 0.002472 seconds 
========================================================================
Received Import Request.
  Time since last request: 0.409378 seconds.
  path: Assets/ARDK/LocationService
  artifactKey: Guid(5f9ee63573cfd489196a07c5f210326a) Importer(815301076,1909f56bfc062723c751e8b465ee728b)
Start importing Assets/ARDK/LocationService using Guid(5f9ee63573cfd489196a07c5f210326a) Importer(815301076,1909f56bfc062723c751e8b465ee728b)  -> (artifact id: '0da6ae7b7d0c2b10b37a9253bbcea099') in 0.002423 seconds 
========================================================================
Received Import Request.
  Time since last request: 73.079903 seconds.
  path: Assets/ARDKExamples/ImageDetection/Crowd.jpg
  artifactKey: Guid(6636e8bd000a84307ac1474268140bae) Importer(815301076,1909f56bfc062723c751e8b465ee728b)
Start importing Assets/ARDKExamples/ImageDetection/Crowd.jpg using Guid(6636e8bd000a84307ac1474268140bae) Importer(815301076,1909f56bfc062723c751e8b465ee728b)  -> (artifact id: 'a1e1263df452ea05e1e362fcb2829f85') in 0.195235 seconds 
========================================================================
Received Import Request.
  Time since last request: 0.000032 seconds.
  path: Assets/ARDKExamples/ImageDetection/Yeti.jpg
  artifactKey: Guid(8c30c1ee151b1422a8bbf4ce30e5f679) Importer(815301076,1909f56bfc062723c751e8b465ee728b)
Start importing Assets/ARDKExamples/ImageDetection/Yeti.jpg using Guid(8c30c1ee151b1422a8bbf4ce30e5f679) Importer(815301076,1909f56bfc062723c751e8b465ee728b)  -> (artifact id: 'e9b3688900ce677cd1511153e2e1d6a7') in 0.034161 seconds 
========================================================================
Received Import Request.
  Time since last request: 9.485504 seconds.
  path: Assets/ARDKExamples/PongHLAPI/PongHLAPIManifest.asset
  artifactKey: Guid(abd79b58e742e45cda31b5d820c70876) Importer(815301076,1909f56bfc062723c751e8b465ee728b)
Start importing Assets/ARDKExamples/PongHLAPI/PongHLAPIManifest.asset using Guid(abd79b58e742e45cda31b5d820c70876) Importer(815301076,1909f56bfc062723c751e8b465ee728b)  -> (artifact id: 'a14c88c97588dca3342084b175e268a0') in 0.006440 seconds 
========================================================================
Received Import Request.
  Time since last request: 8.153729 seconds.
  path: Assets/ARDKExamples/WayspotAnchors/Anchor.prefab
  artifactKey: Guid(6484d8fda33c04b9488646671e593855) Importer(815301076,1909f56bfc062723c751e8b465ee728b)
Start importing Assets/ARDKExamples/WayspotAnchors/Anchor.prefab using Guid(6484d8fda33c04b9488646671e593855) Importer(815301076,1909f56bfc062723c751e8b465ee728b)  -> (artifact id: 'a002b7beec813a69cd4a13f3b464e963') in 0.317860 seconds 
========================================================================
Received Import Request.
  Time since last request: 0.620458 seconds.
  path: Assets/ARDKExamples/VpsCoverage/VpsTargetListItem.prefab
  artifactKey: Guid(b7eb66d7e93de4b66ba7a707aa1f42f9) Importer(815301076,1909f56bfc062723c751e8b465ee728b)
Start importing Assets/ARDKExamples/VpsCoverage/VpsTargetListItem.prefab using Guid(b7eb66d7e93de4b66ba7a707aa1f42f9) Importer(815301076,1909f56bfc062723c751e8b465ee728b)  -> (artifact id: '6c6043ae18cdfa9e0433090ce9398397') in 0.005757 seconds 
========================================================================
Received Import Request.
  Time since last request: 2.459924 seconds.
  path: Assets/ARDKExamples/ARNetworking/ARNetworkingPlayConfiguration.asset
  artifactKey: Guid(ee67dcccccc36456780edd8264c7cd23) Importer(815301076,1909f56bfc062723c751e8b465ee728b)
Start importing Assets/ARDKExamples/ARNetworking/ARNetworkingPlayConfiguration.asset using Guid(ee67dcccccc36456780edd8264c7cd23) Importer(815301076,1909f56bfc062723c751e8b465ee728b)  -> (artifact id: '7e3a37a74f63c7939005c1057d42d6d0') in 0.003779 seconds 
========================================================================
Received Import Request.
  Time since last request: 6.500004 seconds.
  path: Assets/ARDKExamples/ContextAwareness/HumanAR
  artifactKey: Guid(9c17c7454d5f4aaf915a480d43bfcd43) Importer(815301076,1909f56bfc062723c751e8b465ee728b)
Start importing Assets/ARDKExamples/ContextAwareness/HumanAR using Guid(9c17c7454d5f4aaf915a480d43bfcd43) Importer(815301076,1909f56bfc062723c751e8b465ee728b)  -> (artifact id: '31bc7ef463a3e9fa42d1cada8c5d0f81') in 0.002571 seconds 
========================================================================
Received Import Request.
  Time since last request: 2.624961 seconds.
  path: Assets/ARDKExamples/ContextAwareness/Meshing
  artifactKey: Guid(6f0e9575f11df47c1894a0a31cb88dda) Importer(815301076,1909f56bfc062723c751e8b465ee728b)
Start importing Assets/ARDKExamples/ContextAwareness/Meshing using Guid(6f0e9575f11df47c1894a0a31cb88dda) Importer(815301076,1909f56bfc062723c751e8b465ee728b)  -> (artifact id: '374f126e1f2412237ff21c87e22078bd') in 0.002868 seconds 
========================================================================
Received Import Request.
  Time since last request: 0.023010 seconds.
  path: Assets/ARDKExamples/ContextAwareness/Meshing/MeshLoader.prefab
  artifactKey: Guid(dfb2a6adcae7042cab34590cd4290185) Importer(815301076,1909f56bfc062723c751e8b465ee728b)
Start importing Assets/ARDKExamples/ContextAwareness/Meshing/MeshLoader.prefab using Guid(dfb2a6adcae7042cab34590cd4290185) Importer(815301076,1909f56bfc062723c751e8b465ee728b)  -> (artifact id: '14f47cb0747aaa0023f3288c8175a71a') in 0.006812 seconds 
========================================================================
Received Import Request.
  Time since last request: 2.947371 seconds.
  path: Assets/ARDKExamples/ContextAwareness/Meshing/MeshingSemantics.unity
  artifactKey: Guid(cccc54269e5094071992b7e1aa2901b6) Importer(815301076,1909f56bfc062723c751e8b465ee728b)
Start importing Assets/ARDKExamples/ContextAwareness/Meshing/MeshingSemantics.unity using Guid(cccc54269e5094071992b7e1aa2901b6) Importer(815301076,1909f56bfc062723c751e8b465ee728b)  -> (artifact id: '3f307a67374e4c62978e630a90b31aba') in 0.002394 seconds 
========================================================================
Received Prepare
Refreshing native plugins compatible for Editor in 25.48 ms, found 3 plugins.
Preloading 0 native plugins for Editor in 0.00 ms.
Unloading 730 Unused Serialized files (Serialized files now loaded: 0)
Unloading 66 unused Assets / (0.5 MB). Loaded Objects now: 4594.
Memory consumption went from 73.7 MB to 73.2 MB.
Total: 28.462100 ms (FindLiveObjects: 0.663800 ms CreateObjectMapping: 0.282500 ms MarkObjects: 27.050600 ms  DeleteObjects: 0.463700 ms)

AssetImportParameters requested are different than current active one (requested -> active):
  custom:video-decoder-ogg-theora: a1e56fd34408186e4bbccfd4996cb3dc -> 
  custom:container-muxer-webm: aa71ff27fc2769a1b78a27578f13a17b -> 
  custom:container-demuxer-webm: 4f35f7cbe854078d1ac9338744f61a02 -> 
  custom:video-encoder-webm-vp8: eb34c28f22e8b96e1ab97ce403110664 -> 
  custom:video-codec-MediaFoundation-h265: e54d7ab0439102e2317fc1e4b246158d -> 
  custom:audio-encoder-webm-vorbis: bf7c407c2cedff20999df2af8eb42d56 -> 
  custom:framework-win-MediaFoundation: 216162199b28c13a410421893ffa2e32 -> 
  custom:container-demuxer-ogg: 62fdf1f143b41e24485cea50d1cbac27 -> 
  custom:video-decoder-webm-vp8: 9c59270c3fd7afecdb556c50c9e8de78 -> 
  custom:audio-decoder-ogg-vorbis: bf7c407c2cedff20999df2af8eb42d56 -> 
========================================================================
Received Prepare
Refreshing native plugins compatible for Editor in 19.73 ms, found 3 plugins.
Preloading 0 native plugins for Editor in 0.00 ms.
Unloading 66 Unused Serialized files (Serialized files now loaded: 0)
Unloading 66 unused Assets / (0.5 MB). Loaded Objects now: 4594.
Memory consumption went from 60.5 MB to 59.9 MB.
Total: 3.708300 ms (FindLiveObjects: 0.307500 ms CreateObjectMapping: 0.281300 ms MarkObjects: 2.688500 ms  DeleteObjects: 0.429700 ms)

AssetImportParameters requested are different than current active one (requested -> active):
  custom:video-decoder-ogg-theora: a1e56fd34408186e4bbccfd4996cb3dc -> 
  custom:container-muxer-webm: aa71ff27fc2769a1b78a27578f13a17b -> 
  custom:container-demuxer-webm: 4f35f7cbe854078d1ac9338744f61a02 -> 
  custom:video-encoder-webm-vp8: eb34c28f22e8b96e1ab97ce403110664 -> 
  custom:video-codec-MediaFoundation-h265: e54d7ab0439102e2317fc1e4b246158d -> 
  custom:audio-encoder-webm-vorbis: bf7c407c2cedff20999df2af8eb42d56 -> 
  custom:framework-win-MediaFoundation: 216162199b28c13a410421893ffa2e32 -> 
  custom:container-demuxer-ogg: 62fdf1f143b41e24485cea50d1cbac27 -> 
  custom:video-decoder-webm-vp8: 9c59270c3fd7afecdb556c50c9e8de78 -> 
  custom:audio-decoder-ogg-vorbis: bf7c407c2cedff20999df2af8eb42d56 -> 
